2025-06-13 14:51:32 [restartedMain] INFO  : Starting ClickfixApplication using Java 21.0.6 with PID 5528 (C:\Users\2393375\Downloads\clickfix 3\clickfix\target\classes started by 2393375 in C:\Users\2393375\Downloads\clickfix 3\clickfix)
2025-06-13 14:51:32 [restartedMain] INFO  : No active profile set, falling back to 1 default profile: "default"
2025-06-13 14:51:33 [restartedMain] INFO  : Bootstrapping Spring Data JPA repositories in DEFAULT mode.
2025-06-13 14:51:33 [restartedMain] INFO  : Finished Spring Data repository scanning in 22 ms. Found 5 JPA repository interfaces.
2025-06-13 14:51:33 [restartedMain] INFO  : Tomcat initialized with port 8081 (http)
2025-06-13 14:51:33 [restartedMain] INFO  : Initializing ProtocolHandler ["http-nio-8081"]
2025-06-13 14:51:33 [restartedMain] INFO  : Starting service [Tomcat]
2025-06-13 14:51:33 [restartedMain] INFO  : Starting Servlet engine: [Apache Tomcat/10.1.41]
2025-06-13 14:51:33 [restartedMain] INFO  : Initializing Spring embedded WebApplicationContext
2025-06-13 14:51:33 [restartedMain] INFO  : Root WebApplicationContext: initialization completed in 455 ms
2025-06-13 14:51:33 [restartedMain] INFO  : HHH000204: Processing PersistenceUnitInfo [name: default]
2025-06-13 14:51:33 [restartedMain] INFO  : HHH000026: Second-level cache disabled
2025-06-13 14:51:33 [restartedMain] INFO  : No LoadTimeWeaver setup: ignoring JPA class transformer
2025-06-13 14:51:33 [restartedMain] INFO  : HikariPool-5 - Starting...
2025-06-13 14:51:33 [restartedMain] INFO  : HikariPool-5 - Added connection com.mysql.cj.jdbc.ConnectionImpl@2bbadf15
2025-06-13 14:51:33 [restartedMain] INFO  : HikariPool-5 - Start completed.
2025-06-13 14:51:33 [restartedMain] INFO  : HHH10001005: Database info:
	Database JDBC URL [Connecting through datasource 'HikariDataSource (HikariPool-5)']
	Database driver: undefined/unknown
	Database version: 8.0.41
	Autocommit mode: undefined/unknown
	Isolation level: undefined/unknown
	Minimum pool size: undefined/unknown
	Maximum pool size: undefined/unknown
2025-06-13 14:51:33 [restartedMain] INFO  : HHH000489: No JTA platform available (set 'hibernate.transaction.jta.platform' to enable JTA platform integration)
2025-06-13 14:51:33 [restartedMain] INFO  : Initialized JPA EntityManagerFactory for persistence unit 'default'
2025-06-13 14:51:33 [restartedMain] INFO  : Global AuthenticationManager configured with UserDetailsService bean with name customUserDetailService
2025-06-13 14:51:34 [restartedMain] WARN  : spring.jpa.open-in-view is enabled by default. Therefore, database queries may be performed during view rendering. Explicitly configure spring.jpa.open-in-view to disable this warning
2025-06-13 14:51:34 [restartedMain] INFO  : LiveReload server is running on port 35729
2025-06-13 14:51:34 [restartedMain] INFO  : Starting ProtocolHandler ["http-nio-8081"]
2025-06-13 14:51:34 [restartedMain] INFO  : Tomcat started on port 8081 (http) with context path '/'
2025-06-13 14:51:34 [restartedMain] INFO  : Started ClickfixApplication in 1.539 seconds (process running for 360.26)
2025-06-13 14:51:34 [restartedMain] INFO  : Condition evaluation unchanged
2025-06-13 14:51:43 [RMI TCP Connection(20)-127.0.0.1] INFO  : Application shutdown requested.
2025-06-13 14:51:43 [RMI TCP Connection(20)-127.0.0.1] INFO  : Commencing graceful shutdown. Waiting for active requests to complete
2025-06-13 14:51:43 [tomcat-shutdown] INFO  : Pausing ProtocolHandler ["http-nio-8081"]
2025-06-13 14:51:43 [tomcat-shutdown] INFO  : Graceful shutdown complete
2025-06-13 14:51:43 [RMI TCP Connection(20)-127.0.0.1] INFO  : Stopping ProtocolHandler ["http-nio-8081"]
2025-06-13 14:51:43 [RMI TCP Connection(20)-127.0.0.1] INFO  : Closing JPA EntityManagerFactory for persistence unit 'default'
2025-06-13 14:51:43 [RMI TCP Connection(20)-127.0.0.1] INFO  : HikariPool-5 - Shutdown initiated...
2025-06-13 14:51:43 [RMI TCP Connection(20)-127.0.0.1] INFO  : HikariPool-5 - Shutdown completed.
2025-06-13 14:51:53 [background-preinit] INFO  : HV000001: Hibernate Validator 8.0.2.Final
2025-06-13 14:51:53 [restartedMain] INFO  : Starting ClickfixApplication using Java 21.0.6 with PID 9736 (C:\Users\2393375\Downloads\clickfix 3\clickfix\target\classes started by 2393375 in C:\Users\2393375\Downloads\clickfix 3\clickfix)
2025-06-13 14:51:53 [restartedMain] INFO  : No active profile set, falling back to 1 default profile: "default"
2025-06-13 14:51:53 [restartedMain] INFO  : Devtools property defaults active! Set 'spring.devtools.add-properties' to 'false' to disable
2025-06-13 14:51:53 [restartedMain] INFO  : For additional web related logging consider setting the 'logging.level.web' property to 'DEBUG'
2025-06-13 14:51:55 [restartedMain] INFO  : Bootstrapping Spring Data JPA repositories in DEFAULT mode.
2025-06-13 14:51:55 [restartedMain] INFO  : Finished Spring Data repository scanning in 59 ms. Found 5 JPA repository interfaces.
2025-06-13 14:51:55 [restartedMain] INFO  : Tomcat initialized with port 8081 (http)
2025-06-13 14:51:55 [restartedMain] INFO  : Initializing ProtocolHandler ["http-nio-8081"]
2025-06-13 14:51:55 [restartedMain] INFO  : Starting service [Tomcat]
2025-06-13 14:51:55 [restartedMain] INFO  : Starting Servlet engine: [Apache Tomcat/10.1.41]
2025-06-13 14:51:56 [restartedMain] INFO  : Initializing Spring embedded WebApplicationContext
2025-06-13 14:51:56 [restartedMain] INFO  : Root WebApplicationContext: initialization completed in 2147 ms
2025-06-13 14:51:56 [restartedMain] INFO  : HHH000204: Processing PersistenceUnitInfo [name: default]
2025-06-13 14:51:56 [restartedMain] INFO  : HHH000412: Hibernate ORM core version 6.6.15.Final
2025-06-13 14:51:56 [restartedMain] INFO  : HHH000026: Second-level cache disabled
2025-06-13 14:51:56 [restartedMain] INFO  : No LoadTimeWeaver setup: ignoring JPA class transformer
2025-06-13 14:51:56 [restartedMain] INFO  : HikariPool-1 - Starting...
2025-06-13 14:51:57 [restartedMain] INFO  : HikariPool-1 - Added connection com.mysql.cj.jdbc.ConnectionImpl@13c2ff79
2025-06-13 14:51:57 [restartedMain] INFO  : HikariPool-1 - Start completed.
2025-06-13 14:51:57 [restartedMain] INFO  : HHH10001005: Database info:
	Database JDBC URL [Connecting through datasource 'HikariDataSource (HikariPool-1)']
	Database driver: undefined/unknown
	Database version: 8.0.41
	Autocommit mode: undefined/unknown
	Isolation level: undefined/unknown
	Minimum pool size: undefined/unknown
	Maximum pool size: undefined/unknown
2025-06-13 14:51:58 [restartedMain] INFO  : HHH000489: No JTA platform available (set 'hibernate.transaction.jta.platform' to enable JTA platform integration)
2025-06-13 14:51:58 [restartedMain] INFO  : Initialized JPA EntityManagerFactory for persistence unit 'default'
2025-06-13 14:51:58 [restartedMain] INFO  : Global AuthenticationManager configured with UserDetailsService bean with name customUserDetailService
2025-06-13 14:51:59 [restartedMain] WARN  : spring.jpa.open-in-view is enabled by default. Therefore, database queries may be performed during view rendering. Explicitly configure spring.jpa.open-in-view to disable this warning
2025-06-13 14:51:59 [restartedMain] INFO  : LiveReload server is running on port 35729
2025-06-13 14:51:59 [restartedMain] INFO  : Starting ProtocolHandler ["http-nio-8081"]
2025-06-13 14:51:59 [restartedMain] INFO  : Tomcat started on port 8081 (http) with context path '/'
2025-06-13 14:51:59 [restartedMain] INFO  : Started ClickfixApplication in 6.737 seconds (process running for 9.918)
2025-06-13 14:52:08 [http-nio-8081-exec-1] INFO  : Initializing Spring DispatcherServlet 'dispatcherServlet'
2025-06-13 14:52:08 [http-nio-8081-exec-1] INFO  : Initializing Servlet 'dispatcherServlet'
2025-06-13 14:52:08 [http-nio-8081-exec-1] INFO  : Completed initialization in 1 ms
2025-06-13 14:52:09 [http-nio-8081-exec-1] INFO  : get user by email method is called
2025-06-13 14:52:09 [http-nio-8081-exec-1] INFO  : user email ismeena.kit@gmail.com
2025-06-13 14:52:09 [http-nio-8081-exec-1] INFO  : get by email called service methd
2025-06-13 14:52:09 [http-nio-8081-exec-1] INFO  : email is passed repo to get the user
2025-06-13 14:52:09 [http-nio-8081-exec-1] INFO  : user email found
2025-06-13 14:52:55 [http-nio-8081-exec-3] INFO  : get user by email method is called
2025-06-13 14:52:55 [http-nio-8081-exec-3] INFO  : user email ismeena.kit@gmail.
2025-06-13 14:52:55 [http-nio-8081-exec-3] INFO  : get by email called service methd
2025-06-13 14:52:55 [http-nio-8081-exec-3] INFO  : email is passed repo to get the user
2025-06-13 14:52:55 [http-nio-8081-exec-3] ERROR : user email is not there in the db
2025-06-13 14:52:55 [http-nio-8081-exec-3] ERROR : Servlet.service() for servlet [dispatcherServlet] in context with path [] threw exception [Request processing failed: java.lang.NullPointerException: user id is not found] with root cause
java.lang.NullPointerException: user id is not found
	at com.cts.clickfix.service.UserServiceImpl.getUserByEmail(UserServiceImpl.java:54)
	at com.cts.clickfix.controller.UserController.getUserByEmail(UserController.java:49)
	at java.base/jdk.internal.reflect.DirectMethodHandleAccessor.invoke(DirectMethodHandleAccessor.java:103)
	at java.base/java.lang.reflect.Method.invoke(Method.java:580)
	at org.springframework.web.method.support.InvocableHandlerMethod.doInvoke(InvocableHandlerMethod.java:258)
	at org.springframework.web.method.support.InvocableHandlerMethod.invokeForRequest(InvocableHandlerMethod.java:191)
	at org.springframework.web.servlet.mvc.method.annotation.ServletInvocableHandlerMethod.invokeAndHandle(ServletInvocableHandlerMethod.java:118)
	at org.springframework.web.servlet.mvc.method.annotation.RequestMappingHandlerAdapter.invokeHandlerMethod(RequestMappingHandlerAdapter.java:986)
	at org.springframework.web.servlet.mvc.method.annotation.RequestMappingHandlerAdapter.handleInternal(RequestMappingHandlerAdapter.java:891)
	at org.springframework.web.servlet.mvc.method.AbstractHandlerMethodAdapter.handle(AbstractHandlerMethodAdapter.java:87)
	at org.springframework.web.servlet.DispatcherServlet.doDispatch(DispatcherServlet.java:1089)
	at org.springframework.web.servlet.DispatcherServlet.doService(DispatcherServlet.java:979)
	at org.springframework.web.servlet.FrameworkServlet.processRequest(FrameworkServlet.java:1014)
	at org.springframework.web.servlet.FrameworkServlet.doGet(FrameworkServlet.java:903)
	at jakarta.servlet.http.HttpServlet.service(HttpServlet.java:564)
	at org.springframework.web.servlet.FrameworkServlet.service(FrameworkServlet.java:885)
	at jakarta.servlet.http.HttpServlet.service(HttpServlet.java:658)
	at org.apache.catalina.core.ApplicationFilterChain.internalDoFilter(ApplicationFilterChain.java:195)
	at org.apache.catalina.core.ApplicationFilterChain.doFilter(ApplicationFilterChain.java:140)
	at org.apache.tomcat.websocket.server.WsFilter.doFilter(WsFilter.java:51)
	at org.apache.catalina.core.ApplicationFilterChain.internalDoFilter(ApplicationFilterChain.java:164)
	at org.apache.catalina.core.ApplicationFilterChain.doFilter(ApplicationFilterChain.java:140)
	at org.springframework.web.filter.OncePerRequestFilter.doFilter(OncePerRequestFilter.java:110)
	at org.apache.catalina.core.ApplicationFilterChain.internalDoFilter(ApplicationFilterChain.java:164)
	at org.apache.catalina.core.ApplicationFilterChain.doFilter(ApplicationFilterChain.java:140)
	at org.springframework.web.filter.CompositeFilter$VirtualFilterChain.doFilter(CompositeFilter.java:108)
	at org.springframework.web.filter.CompositeFilter$VirtualFilterChain.doFilter(CompositeFilter.java:108)
	at org.springframework.security.web.FilterChainProxy.lambda$doFilterInternal$3(FilterChainProxy.java:231)
	at org.springframework.security.web.FilterChainProxy$VirtualFilterChain.doFilter(FilterChainProxy.java:365)
	at org.springframework.security.web.access.intercept.AuthorizationFilter.doFilter(AuthorizationFilter.java:101)
	at org.springframework.security.web.FilterChainProxy$VirtualFilterChain.doFilter(FilterChainProxy.java:374)
	at org.springframework.security.web.access.ExceptionTranslationFilter.doFilter(ExceptionTranslationFilter.java:125)
	at org.springframework.security.web.access.ExceptionTranslationFilter.doFilter(ExceptionTranslationFilter.java:119)
	at org.springframework.security.web.FilterChainProxy$VirtualFilterChain.doFilter(FilterChainProxy.java:374)
	at org.springframework.security.web.authentication.AnonymousAuthenticationFilter.doFilter(AnonymousAuthenticationFilter.java:100)
	at org.springframework.security.web.FilterChainProxy$VirtualFilterChain.doFilter(FilterChainProxy.java:374)
	at org.springframework.security.web.servletapi.SecurityContextHolderAwareRequestFilter.doFilter(SecurityContextHolderAwareRequestFilter.java:179)
	at org.springframework.security.web.FilterChainProxy$VirtualFilterChain.doFilter(FilterChainProxy.java:374)
	at org.springframework.security.web.savedrequest.RequestCacheAwareFilter.doFilter(RequestCacheAwareFilter.java:63)
	at org.springframework.security.web.FilterChainProxy$VirtualFilterChain.doFilter(FilterChainProxy.java:374)
	at org.springframework.security.web.authentication.www.BasicAuthenticationFilter.doFilterInternal(BasicAuthenticationFilter.java:213)
	at org.springframework.web.filter.OncePerRequestFilter.doFilter(OncePerRequestFilter.java:116)
	at org.springframework.security.web.FilterChainProxy$VirtualFilterChain.doFilter(FilterChainProxy.java:374)
	at com.cts.clickfix.appconfig.JwtFilter.doFilterInternal(JwtFilter.java:50)
	at org.springframework.web.filter.OncePerRequestFilter.doFilter(OncePerRequestFilter.java:116)
	at org.springframework.security.web.FilterChainProxy$VirtualFilterChain.doFilter(FilterChainProxy.java:374)
	at org.springframework.security.web.authentication.logout.LogoutFilter.doFilter(LogoutFilter.java:107)
	at org.springframework.security.web.authentication.logout.LogoutFilter.doFilter(LogoutFilter.java:93)
	at org.springframework.security.web.FilterChainProxy$VirtualFilterChain.doFilter(FilterChainProxy.java:374)
	at org.springframework.security.web.header.HeaderWriterFilter.doHeadersAfter(HeaderWriterFilter.java:90)
	at org.springframework.security.web.header.HeaderWriterFilter.doFilterInternal(HeaderWriterFilter.java:75)
	at org.springframework.web.filter.OncePerRequestFilter.doFilter(OncePerRequestFilter.java:116)
	at org.springframework.security.web.FilterChainProxy$VirtualFilterChain.doFilter(FilterChainProxy.java:374)
	at org.springframework.security.web.context.SecurityContextHolderFilter.doFilter(SecurityContextHolderFilter.java:82)
	at org.springframework.security.web.context.SecurityContextHolderFilter.doFilter(SecurityContextHolderFilter.java:69)
	at org.springframework.security.web.FilterChainProxy$VirtualFilterChain.doFilter(FilterChainProxy.java:374)
	at org.springframework.security.web.context.request.async.WebAsyncManagerIntegrationFilter.doFilterInternal(WebAsyncManagerIntegrationFilter.java:62)
	at org.springframework.web.filter.OncePerRequestFilter.doFilter(OncePerRequestFilter.java:116)
	at org.springframework.security.web.FilterChainProxy$VirtualFilterChain.doFilter(FilterChainProxy.java:374)
	at org.springframework.security.web.session.DisableEncodeUrlFilter.doFilterInternal(DisableEncodeUrlFilter.java:42)
	at org.springframework.web.filter.OncePerRequestFilter.doFilter(OncePerRequestFilter.java:116)
	at org.springframework.security.web.FilterChainProxy$VirtualFilterChain.doFilter(FilterChainProxy.java:374)
	at org.springframework.security.web.FilterChainProxy.doFilterInternal(FilterChainProxy.java:233)
	at org.springframework.security.web.FilterChainProxy.doFilter(FilterChainProxy.java:191)
	at org.springframework.web.filter.CompositeFilter$VirtualFilterChain.doFilter(CompositeFilter.java:113)
	at org.springframework.web.filter.ServletRequestPathFilter.doFilter(ServletRequestPathFilter.java:52)
	at org.springframework.web.filter.CompositeFilter$VirtualFilterChain.doFilter(CompositeFilter.java:113)
	at org.springframework.web.filter.CompositeFilter.doFilter(CompositeFilter.java:74)
	at org.springframework.security.config.annotation.web.configuration.WebSecurityConfiguration$CompositeFilterChainProxy.doFilter(WebSecurityConfiguration.java:319)
	at org.springframework.web.filter.CompositeFilter$VirtualFilterChain.doFilter(CompositeFilter.java:113)
	at org.springframework.web.servlet.handler.HandlerMappingIntrospector.lambda$createCacheFilter$3(HandlerMappingIntrospector.java:243)
	at org.springframework.web.filter.CompositeFilter$VirtualFilterChain.doFilter(CompositeFilter.java:113)
	at org.springframework.web.filter.CompositeFilter.doFilter(CompositeFilter.java:74)
	at org.springframework.security.config.annotation.web.configuration.WebMvcSecurityConfiguration$CompositeFilterChainProxy.doFilter(WebMvcSecurityConfiguration.java:240)
	at org.springframework.web.filter.DelegatingFilterProxy.invokeDelegate(DelegatingFilterProxy.java:362)
	at org.springframework.web.filter.DelegatingFilterProxy.doFilter(DelegatingFilterProxy.java:278)
	at org.apache.catalina.core.ApplicationFilterChain.internalDoFilter(ApplicationFilterChain.java:164)
	at org.apache.catalina.core.ApplicationFilterChain.doFilter(ApplicationFilterChain.java:140)
	at org.springframework.web.filter.RequestContextFilter.doFilterInternal(RequestContextFilter.java:100)
	at org.springframework.web.filter.OncePerRequestFilter.doFilter(OncePerRequestFilter.java:116)
	at org.apache.catalina.core.ApplicationFilterChain.internalDoFilter(ApplicationFilterChain.java:164)
	at org.apache.catalina.core.ApplicationFilterChain.doFilter(ApplicationFilterChain.java:140)
	at org.springframework.web.filter.FormContentFilter.doFilterInternal(FormContentFilter.java:93)
	at org.springframework.web.filter.OncePerRequestFilter.doFilter(OncePerRequestFilter.java:116)
	at org.apache.catalina.core.ApplicationFilterChain.internalDoFilter(ApplicationFilterChain.java:164)
	at org.apache.catalina.core.ApplicationFilterChain.doFilter(ApplicationFilterChain.java:140)
	at org.springframework.web.filter.CharacterEncodingFilter.doFilterInternal(CharacterEncodingFilter.java:201)
	at org.springframework.web.filter.OncePerRequestFilter.doFilter(OncePerRequestFilter.java:116)
	at org.apache.catalina.core.ApplicationFilterChain.internalDoFilter(ApplicationFilterChain.java:164)
	at org.apache.catalina.core.ApplicationFilterChain.doFilter(ApplicationFilterChain.java:140)
	at org.apache.catalina.core.StandardWrapperValve.invoke(StandardWrapperValve.java:167)
	at org.apache.catalina.core.StandardContextValve.invoke(StandardContextValve.java:90)
	at org.apache.catalina.authenticator.AuthenticatorBase.invoke(AuthenticatorBase.java:483)
	at org.apache.catalina.core.StandardHostValve.invoke(StandardHostValve.java:116)
	at org.apache.catalina.valves.ErrorReportValve.invoke(ErrorReportValve.java:93)
	at org.apache.catalina.core.StandardEngineValve.invoke(StandardEngineValve.java:74)
	at org.apache.catalina.connector.CoyoteAdapter.service(CoyoteAdapter.java:344)
	at org.apache.coyote.http11.Http11Processor.service(Http11Processor.java:398)
	at org.apache.coyote.AbstractProcessorLight.process(AbstractProcessorLight.java:63)
	at org.apache.coyote.AbstractProtocol$ConnectionHandler.process(AbstractProtocol.java:903)
	at org.apache.tomcat.util.net.NioEndpoint$SocketProcessor.doRun(NioEndpoint.java:1740)
	at org.apache.tomcat.util.net.SocketProcessorBase.run(SocketProcessorBase.java:52)
	at org.apache.tomcat.util.threads.ThreadPoolExecutor.runWorker(ThreadPoolExecutor.java:1189)
	at org.apache.tomcat.util.threads.ThreadPoolExecutor$Worker.run(ThreadPoolExecutor.java:658)
	at org.apache.tomcat.util.threads.TaskThread$WrappingRunnable.run(TaskThread.java:63)
	at java.base/java.lang.Thread.run(Thread.java:1583)
2025-06-13 15:01:55 [File Watcher] INFO  : Restarting due to 1 class path change (0 additions, 0 deletions, 1 modification)
2025-06-13 15:01:55 [Thread-5] INFO  : Commencing graceful shutdown. Waiting for active requests to complete
2025-06-13 15:01:55 [tomcat-shutdown] INFO  : Pausing ProtocolHandler ["http-nio-8081"]
2025-06-13 15:01:55 [tomcat-shutdown] INFO  : Graceful shutdown complete
2025-06-13 15:01:55 [Thread-5] INFO  : Stopping ProtocolHandler ["http-nio-8081"]
2025-06-13 15:01:55 [Thread-5] INFO  : Closing JPA EntityManagerFactory for persistence unit 'default'
2025-06-13 15:01:55 [Thread-5] INFO  : HikariPool-1 - Shutdown initiated...
2025-06-13 15:01:55 [Thread-5] INFO  : HikariPool-1 - Shutdown completed.
2025-06-13 15:01:55 [restartedMain] INFO  : Starting ClickfixApplication using Java 21.0.6 with PID 9736 (C:\Users\2393375\Downloads\clickfix 3\clickfix\target\classes started by 2393375 in C:\Users\2393375\Downloads\clickfix 3\clickfix)
2025-06-13 15:01:55 [restartedMain] INFO  : No active profile set, falling back to 1 default profile: "default"
2025-06-13 15:01:56 [restartedMain] INFO  : Bootstrapping Spring Data JPA repositories in DEFAULT mode.
2025-06-13 15:01:56 [restartedMain] INFO  : Finished Spring Data repository scanning in 37 ms. Found 5 JPA repository interfaces.
2025-06-13 15:01:56 [restartedMain] INFO  : Tomcat initialized with port 8081 (http)
2025-06-13 15:01:56 [restartedMain] INFO  : Initializing ProtocolHandler ["http-nio-8081"]
2025-06-13 15:01:56 [restartedMain] INFO  : Starting service [Tomcat]
2025-06-13 15:01:56 [restartedMain] INFO  : Starting Servlet engine: [Apache Tomcat/10.1.41]
2025-06-13 15:01:56 [restartedMain] INFO  : Initializing Spring embedded WebApplicationContext
2025-06-13 15:01:56 [restartedMain] INFO  : Root WebApplicationContext: initialization completed in 1108 ms
2025-06-13 15:01:56 [restartedMain] INFO  : HHH000204: Processing PersistenceUnitInfo [name: default]
2025-06-13 15:01:56 [restartedMain] INFO  : HHH000026: Second-level cache disabled
2025-06-13 15:01:56 [restartedMain] INFO  : No LoadTimeWeaver setup: ignoring JPA class transformer
2025-06-13 15:01:56 [restartedMain] INFO  : HikariPool-2 - Starting...
2025-06-13 15:01:56 [restartedMain] INFO  : HikariPool-2 - Added connection com.mysql.cj.jdbc.ConnectionImpl@32d8b1bd
2025-06-13 15:01:56 [restartedMain] INFO  : HikariPool-2 - Start completed.
2025-06-13 15:01:56 [restartedMain] INFO  : HHH10001005: Database info:
	Database JDBC URL [Connecting through datasource 'HikariDataSource (HikariPool-2)']
	Database driver: undefined/unknown
	Database version: 8.0.41
	Autocommit mode: undefined/unknown
	Isolation level: undefined/unknown
	Minimum pool size: undefined/unknown
	Maximum pool size: undefined/unknown
2025-06-13 15:01:56 [restartedMain] INFO  : HHH000489: No JTA platform available (set 'hibernate.transaction.jta.platform' to enable JTA platform integration)
2025-06-13 15:01:56 [restartedMain] INFO  : Initialized JPA EntityManagerFactory for persistence unit 'default'
2025-06-13 15:01:57 [restartedMain] INFO  : Global AuthenticationManager configured with UserDetailsService bean with name customUserDetailService
2025-06-13 15:01:57 [restartedMain] WARN  : spring.jpa.open-in-view is enabled by default. Therefore, database queries may be performed during view rendering. Explicitly configure spring.jpa.open-in-view to disable this warning
2025-06-13 15:01:57 [restartedMain] INFO  : LiveReload server is running on port 35729
2025-06-13 15:01:57 [restartedMain] INFO  : Starting ProtocolHandler ["http-nio-8081"]
2025-06-13 15:01:57 [restartedMain] INFO  : Tomcat started on port 8081 (http) with context path '/'
2025-06-13 15:01:57 [restartedMain] INFO  : Started ClickfixApplication in 2.311 seconds (process running for 607.688)
2025-06-13 15:01:57 [restartedMain] INFO  : Condition evaluation unchanged
2025-06-13 15:02:04 [File Watcher] INFO  : Restarting due to 1 class path change (0 additions, 0 deletions, 1 modification)
2025-06-13 15:02:04 [Thread-7] INFO  : Commencing graceful shutdown. Waiting for active requests to complete
2025-06-13 15:02:04 [tomcat-shutdown] INFO  : Pausing ProtocolHandler ["http-nio-8081"]
2025-06-13 15:02:04 [tomcat-shutdown] INFO  : Graceful shutdown complete
2025-06-13 15:02:04 [Thread-7] INFO  : Stopping ProtocolHandler ["http-nio-8081"]
2025-06-13 15:02:04 [Thread-7] INFO  : Closing JPA EntityManagerFactory for persistence unit 'default'
2025-06-13 15:02:04 [Thread-7] INFO  : HikariPool-2 - Shutdown initiated...
2025-06-13 15:02:04 [Thread-7] INFO  : HikariPool-2 - Shutdown completed.
2025-06-13 15:02:04 [restartedMain] INFO  : Starting ClickfixApplication using Java 21.0.6 with PID 9736 (C:\Users\2393375\Downloads\clickfix 3\clickfix\target\classes started by 2393375 in C:\Users\2393375\Downloads\clickfix 3\clickfix)
2025-06-13 15:02:04 [restartedMain] INFO  : No active profile set, falling back to 1 default profile: "default"
2025-06-13 15:02:05 [restartedMain] INFO  : Bootstrapping Spring Data JPA repositories in DEFAULT mode.
2025-06-13 15:02:05 [restartedMain] INFO  : Finished Spring Data repository scanning in 65 ms. Found 5 JPA repository interfaces.
2025-06-13 15:02:05 [restartedMain] INFO  : Tomcat initialized with port 8081 (http)
2025-06-13 15:02:05 [restartedMain] INFO  : Initializing ProtocolHandler ["http-nio-8081"]
2025-06-13 15:02:05 [restartedMain] INFO  : Starting service [Tomcat]
2025-06-13 15:02:05 [restartedMain] INFO  : Starting Servlet engine: [Apache Tomcat/10.1.41]
2025-06-13 15:02:05 [restartedMain] INFO  : Initializing Spring embedded WebApplicationContext
2025-06-13 15:02:05 [restartedMain] INFO  : Root WebApplicationContext: initialization completed in 1033 ms
2025-06-13 15:02:05 [restartedMain] INFO  : HHH000204: Processing PersistenceUnitInfo [name: default]
2025-06-13 15:02:05 [restartedMain] INFO  : HHH000026: Second-level cache disabled
2025-06-13 15:02:05 [restartedMain] INFO  : No LoadTimeWeaver setup: ignoring JPA class transformer
2025-06-13 15:02:05 [restartedMain] INFO  : HikariPool-3 - Starting...
2025-06-13 15:02:06 [restartedMain] INFO  : HikariPool-3 - Added connection com.mysql.cj.jdbc.ConnectionImpl@44c6ac7e
2025-06-13 15:02:06 [restartedMain] INFO  : HikariPool-3 - Start completed.
2025-06-13 15:02:06 [restartedMain] INFO  : HHH10001005: Database info:
	Database JDBC URL [Connecting through datasource 'HikariDataSource (HikariPool-3)']
	Database driver: undefined/unknown
	Database version: 8.0.41
	Autocommit mode: undefined/unknown
	Isolation level: undefined/unknown
	Minimum pool size: undefined/unknown
	Maximum pool size: undefined/unknown
2025-06-13 15:02:06 [restartedMain] INFO  : HHH000489: No JTA platform available (set 'hibernate.transaction.jta.platform' to enable JTA platform integration)
2025-06-13 15:02:06 [restartedMain] INFO  : Initialized JPA EntityManagerFactory for persistence unit 'default'
2025-06-13 15:02:06 [restartedMain] INFO  : Global AuthenticationManager configured with UserDetailsService bean with name customUserDetailService
2025-06-13 15:02:06 [restartedMain] WARN  : spring.jpa.open-in-view is enabled by default. Therefore, database queries may be performed during view rendering. Explicitly configure spring.jpa.open-in-view to disable this warning
2025-06-13 15:02:06 [restartedMain] INFO  : LiveReload server is running on port 35729
2025-06-13 15:02:06 [restartedMain] INFO  : Starting ProtocolHandler ["http-nio-8081"]
2025-06-13 15:02:06 [restartedMain] INFO  : Tomcat started on port 8081 (http) with context path '/'
2025-06-13 15:02:06 [restartedMain] INFO  : Started ClickfixApplication in 1.913 seconds (process running for 616.669)
2025-06-13 15:02:06 [restartedMain] INFO  : Condition evaluation unchanged
2025-06-13 15:02:15 [File Watcher] INFO  : Restarting due to 1 class path change (0 additions, 0 deletions, 1 modification)
2025-06-13 15:02:15 [Thread-11] INFO  : Commencing graceful shutdown. Waiting for active requests to complete
2025-06-13 15:02:15 [tomcat-shutdown] INFO  : Pausing ProtocolHandler ["http-nio-8081"]
2025-06-13 15:02:15 [tomcat-shutdown] INFO  : Graceful shutdown complete
2025-06-13 15:02:15 [Thread-11] INFO  : Stopping ProtocolHandler ["http-nio-8081"]
2025-06-13 15:02:15 [Thread-11] INFO  : Closing JPA EntityManagerFactory for persistence unit 'default'
2025-06-13 15:02:15 [Thread-11] INFO  : HikariPool-3 - Shutdown initiated...
2025-06-13 15:02:15 [Thread-11] INFO  : HikariPool-3 - Shutdown completed.
2025-06-13 15:02:15 [restartedMain] INFO  : Starting ClickfixApplication using Java 21.0.6 with PID 9736 (C:\Users\2393375\Downloads\clickfix 3\clickfix\target\classes started by 2393375 in C:\Users\2393375\Downloads\clickfix 3\clickfix)
2025-06-13 15:02:15 [restartedMain] INFO  : No active profile set, falling back to 1 default profile: "default"
2025-06-13 15:02:16 [restartedMain] INFO  : Bootstrapping Spring Data JPA repositories in DEFAULT mode.
2025-06-13 15:02:16 [restartedMain] INFO  : Finished Spring Data repository scanning in 23 ms. Found 5 JPA repository interfaces.
2025-06-13 15:02:16 [restartedMain] INFO  : Tomcat initialized with port 8081 (http)
2025-06-13 15:02:16 [restartedMain] INFO  : Initializing ProtocolHandler ["http-nio-8081"]
2025-06-13 15:02:16 [restartedMain] INFO  : Starting service [Tomcat]
2025-06-13 15:02:16 [restartedMain] INFO  : Starting Servlet engine: [Apache Tomcat/10.1.41]
2025-06-13 15:02:16 [restartedMain] INFO  : Initializing Spring embedded WebApplicationContext
2025-06-13 15:02:16 [restartedMain] INFO  : Root WebApplicationContext: initialization completed in 358 ms
2025-06-13 15:02:16 [restartedMain] INFO  : HHH000204: Processing PersistenceUnitInfo [name: default]
2025-06-13 15:02:16 [restartedMain] INFO  : HHH000026: Second-level cache disabled
2025-06-13 15:02:16 [restartedMain] INFO  : No LoadTimeWeaver setup: ignoring JPA class transformer
2025-06-13 15:02:16 [restartedMain] INFO  : HikariPool-4 - Starting...
2025-06-13 15:02:16 [restartedMain] INFO  : HikariPool-4 - Added connection com.mysql.cj.jdbc.ConnectionImpl@dff7767
2025-06-13 15:02:16 [restartedMain] INFO  : HikariPool-4 - Start completed.
2025-06-13 15:02:16 [restartedMain] INFO  : HHH10001005: Database info:
	Database JDBC URL [Connecting through datasource 'HikariDataSource (HikariPool-4)']
	Database driver: undefined/unknown
	Database version: 8.0.41
	Autocommit mode: undefined/unknown
	Isolation level: undefined/unknown
	Minimum pool size: undefined/unknown
	Maximum pool size: undefined/unknown
2025-06-13 15:02:16 [restartedMain] INFO  : HHH000489: No JTA platform available (set 'hibernate.transaction.jta.platform' to enable JTA platform integration)
2025-06-13 15:02:16 [restartedMain] INFO  : Initialized JPA EntityManagerFactory for persistence unit 'default'
2025-06-13 15:02:16 [restartedMain] INFO  : Global AuthenticationManager configured with UserDetailsService bean with name customUserDetailService
2025-06-13 15:02:16 [restartedMain] WARN  : spring.jpa.open-in-view is enabled by default. Therefore, database queries may be performed during view rendering. Explicitly configure spring.jpa.open-in-view to disable this warning
2025-06-13 15:02:16 [restartedMain] INFO  : LiveReload server is running on port 35729
2025-06-13 15:02:16 [restartedMain] INFO  : Starting ProtocolHandler ["http-nio-8081"]
2025-06-13 15:02:16 [restartedMain] INFO  : Tomcat started on port 8081 (http) with context path '/'
2025-06-13 15:02:16 [restartedMain] INFO  : Started ClickfixApplication in 0.868 seconds (process running for 626.628)
2025-06-13 15:02:16 [restartedMain] INFO  : Condition evaluation unchanged
2025-06-13 15:03:12 [File Watcher] INFO  : Restarting due to 1 class path change (0 additions, 0 deletions, 1 modification)
2025-06-13 15:03:12 [Thread-15] INFO  : Commencing graceful shutdown. Waiting for active requests to complete
2025-06-13 15:03:12 [tomcat-shutdown] INFO  : Pausing ProtocolHandler ["http-nio-8081"]
2025-06-13 15:03:12 [tomcat-shutdown] INFO  : Graceful shutdown complete
2025-06-13 15:03:12 [Thread-15] INFO  : Stopping ProtocolHandler ["http-nio-8081"]
2025-06-13 15:03:12 [Thread-15] INFO  : Closing JPA EntityManagerFactory for persistence unit 'default'
2025-06-13 15:03:12 [Thread-15] INFO  : HikariPool-4 - Shutdown initiated...
2025-06-13 15:03:12 [Thread-15] INFO  : HikariPool-4 - Shutdown completed.
2025-06-13 15:03:12 [restartedMain] INFO  : Starting ClickfixApplication using Java 21.0.6 with PID 9736 (C:\Users\2393375\Downloads\clickfix 3\clickfix\target\classes started by 2393375 in C:\Users\2393375\Downloads\clickfix 3\clickfix)
2025-06-13 15:03:12 [restartedMain] INFO  : No active profile set, falling back to 1 default profile: "default"
2025-06-13 15:03:12 [restartedMain] INFO  : Bootstrapping Spring Data JPA repositories in DEFAULT mode.
2025-06-13 15:03:12 [restartedMain] INFO  : Finished Spring Data repository scanning in 56 ms. Found 5 JPA repository interfaces.
2025-06-13 15:03:12 [restartedMain] INFO  : Tomcat initialized with port 8081 (http)
2025-06-13 15:03:12 [restartedMain] INFO  : Initializing ProtocolHandler ["http-nio-8081"]
2025-06-13 15:03:12 [restartedMain] INFO  : Starting service [Tomcat]
2025-06-13 15:03:12 [restartedMain] INFO  : Starting Servlet engine: [Apache Tomcat/10.1.41]
2025-06-13 15:03:12 [restartedMain] INFO  : Initializing Spring embedded WebApplicationContext
2025-06-13 15:03:12 [restartedMain] INFO  : Root WebApplicationContext: initialization completed in 565 ms
2025-06-13 15:03:12 [restartedMain] INFO  : HHH000204: Processing PersistenceUnitInfo [name: default]
2025-06-13 15:03:12 [restartedMain] INFO  : HHH000026: Second-level cache disabled
2025-06-13 15:03:12 [restartedMain] INFO  : No LoadTimeWeaver setup: ignoring JPA class transformer
2025-06-13 15:03:12 [restartedMain] INFO  : HikariPool-5 - Starting...
2025-06-13 15:03:12 [restartedMain] INFO  : HikariPool-5 - Added connection com.mysql.cj.jdbc.ConnectionImpl@4c040334
2025-06-13 15:03:12 [restartedMain] INFO  : HikariPool-5 - Start completed.
2025-06-13 15:03:12 [restartedMain] INFO  : HHH10001005: Database info:
	Database JDBC URL [Connecting through datasource 'HikariDataSource (HikariPool-5)']
	Database driver: undefined/unknown
	Database version: 8.0.41
	Autocommit mode: undefined/unknown
	Isolation level: undefined/unknown
	Minimum pool size: undefined/unknown
	Maximum pool size: undefined/unknown
2025-06-13 15:03:12 [restartedMain] INFO  : HHH000489: No JTA platform available (set 'hibernate.transaction.jta.platform' to enable JTA platform integration)
2025-06-13 15:03:12 [restartedMain] INFO  : Initialized JPA EntityManagerFactory for persistence unit 'default'
2025-06-13 15:03:12 [restartedMain] INFO  : Global AuthenticationManager configured with UserDetailsService bean with name customUserDetailService
2025-06-13 15:03:12 [restartedMain] WARN  : spring.jpa.open-in-view is enabled by default. Therefore, database queries may be performed during view rendering. Explicitly configure spring.jpa.open-in-view to disable this warning
2025-06-13 15:03:13 [restartedMain] INFO  : LiveReload server is running on port 35729
2025-06-13 15:03:13 [restartedMain] INFO  : Starting ProtocolHandler ["http-nio-8081"]
2025-06-13 15:03:13 [restartedMain] INFO  : Tomcat started on port 8081 (http) with context path '/'
2025-06-13 15:03:13 [restartedMain] INFO  : Started ClickfixApplication in 1.089 seconds (process running for 683.253)
2025-06-13 15:03:13 [restartedMain] INFO  : Condition evaluation unchanged
2025-06-13 15:03:23 [File Watcher] INFO  : Restarting due to 1 class path change (0 additions, 0 deletions, 1 modification)
2025-06-13 15:03:23 [Thread-19] INFO  : Commencing graceful shutdown. Waiting for active requests to complete
2025-06-13 15:03:23 [tomcat-shutdown] INFO  : Pausing ProtocolHandler ["http-nio-8081"]
2025-06-13 15:03:23 [tomcat-shutdown] INFO  : Graceful shutdown complete
2025-06-13 15:03:23 [Thread-19] INFO  : Stopping ProtocolHandler ["http-nio-8081"]
2025-06-13 15:03:23 [Thread-19] INFO  : Closing JPA EntityManagerFactory for persistence unit 'default'
2025-06-13 15:03:23 [Thread-19] INFO  : HikariPool-5 - Shutdown initiated...
2025-06-13 15:03:23 [Thread-19] INFO  : HikariPool-5 - Shutdown completed.
2025-06-13 15:03:23 [restartedMain] INFO  : Starting ClickfixApplication using Java 21.0.6 with PID 9736 (C:\Users\2393375\Downloads\clickfix 3\clickfix\target\classes started by 2393375 in C:\Users\2393375\Downloads\clickfix 3\clickfix)
2025-06-13 15:03:23 [restartedMain] INFO  : No active profile set, falling back to 1 default profile: "default"
2025-06-13 15:03:23 [restartedMain] INFO  : Bootstrapping Spring Data JPA repositories in DEFAULT mode.
2025-06-13 15:03:23 [restartedMain] INFO  : Finished Spring Data repository scanning in 27 ms. Found 5 JPA repository interfaces.
2025-06-13 15:03:24 [restartedMain] INFO  : Tomcat initialized with port 8081 (http)
2025-06-13 15:03:24 [restartedMain] INFO  : Initializing ProtocolHandler ["http-nio-8081"]
2025-06-13 15:03:24 [restartedMain] INFO  : Starting service [Tomcat]
2025-06-13 15:03:24 [restartedMain] INFO  : Starting Servlet engine: [Apache Tomcat/10.1.41]
2025-06-13 15:03:24 [restartedMain] INFO  : Initializing Spring embedded WebApplicationContext
2025-06-13 15:03:24 [restartedMain] INFO  : Root WebApplicationContext: initialization completed in 665 ms
2025-06-13 15:03:24 [restartedMain] INFO  : HHH000204: Processing PersistenceUnitInfo [name: default]
2025-06-13 15:03:24 [restartedMain] INFO  : HHH000026: Second-level cache disabled
2025-06-13 15:03:24 [restartedMain] INFO  : No LoadTimeWeaver setup: ignoring JPA class transformer
2025-06-13 15:03:24 [restartedMain] INFO  : HikariPool-6 - Starting...
2025-06-13 15:03:24 [restartedMain] INFO  : HikariPool-6 - Added connection com.mysql.cj.jdbc.ConnectionImpl@453182c
2025-06-13 15:03:24 [restartedMain] INFO  : HikariPool-6 - Start completed.
2025-06-13 15:03:24 [restartedMain] INFO  : HHH10001005: Database info:
	Database JDBC URL [Connecting through datasource 'HikariDataSource (HikariPool-6)']
	Database driver: undefined/unknown
	Database version: 8.0.41
	Autocommit mode: undefined/unknown
	Isolation level: undefined/unknown
	Minimum pool size: undefined/unknown
	Maximum pool size: undefined/unknown
2025-06-13 15:03:24 [restartedMain] INFO  : HHH000489: No JTA platform available (set 'hibernate.transaction.jta.platform' to enable JTA platform integration)
2025-06-13 15:03:24 [restartedMain] INFO  : Initialized JPA EntityManagerFactory for persistence unit 'default'
2025-06-13 15:03:24 [restartedMain] INFO  : Global AuthenticationManager configured with UserDetailsService bean with name customUserDetailService
2025-06-13 15:03:24 [restartedMain] WARN  : spring.jpa.open-in-view is enabled by default. Therefore, database queries may be performed during view rendering. Explicitly configure spring.jpa.open-in-view to disable this warning
2025-06-13 15:03:24 [restartedMain] INFO  : LiveReload server is running on port 35729
2025-06-13 15:03:25 [restartedMain] INFO  : Starting ProtocolHandler ["http-nio-8081"]
2025-06-13 15:03:25 [restartedMain] INFO  : Tomcat started on port 8081 (http) with context path '/'
2025-06-13 15:03:25 [restartedMain] INFO  : Started ClickfixApplication in 1.562 seconds (process running for 695.044)
2025-06-13 15:03:25 [restartedMain] INFO  : Condition evaluation unchanged
2025-06-13 15:13:09 [RMI TCP Connection(39)-127.0.0.1] INFO  : Application shutdown requested.
2025-06-13 15:13:09 [RMI TCP Connection(39)-127.0.0.1] INFO  : Commencing graceful shutdown. Waiting for active requests to complete
2025-06-13 15:13:09 [tomcat-shutdown] INFO  : Pausing ProtocolHandler ["http-nio-8081"]
2025-06-13 15:13:09 [tomcat-shutdown] INFO  : Graceful shutdown complete
2025-06-13 15:13:09 [RMI TCP Connection(39)-127.0.0.1] INFO  : Stopping ProtocolHandler ["http-nio-8081"]
2025-06-13 15:13:09 [RMI TCP Connection(39)-127.0.0.1] INFO  : Closing JPA EntityManagerFactory for persistence unit 'default'
2025-06-13 15:13:09 [RMI TCP Connection(39)-127.0.0.1] INFO  : HikariPool-6 - Shutdown initiated...
2025-06-13 15:13:09 [RMI TCP Connection(39)-127.0.0.1] INFO  : HikariPool-6 - Shutdown completed.
